#
# There is insufficient memory for the Java Runtime Environment to continue.
# Native memory allocation (mmap) failed to map 130023424 bytes for G1 virtual space
# Possible reasons:
#   The system is out of physical RAM or swap space
#   The process is running with CompressedOops enabled, and the Java Heap may be blocking the growth of the native heap
# Possible solutions:
#   Reduce memory load on the system
#   Increase physical memory or swap space
#   Check if swap backing store is full
#   Decrease Java heap size (-Xmx/-Xms)
#   Decrease number of Java threads
#   Decrease Java thread stack sizes (-Xss)
#   Set larger code cache with -XX:ReservedCodeCacheSize=
#   JVM is running with Unscaled Compressed Oops mode in which the Java heap is
#     placed in the first 4GB address space. The Java Heap base address is the
#     maximum limit for the native heap growth. Please use -XX:HeapBaseMinAddress
#     to set the Java Heap base and to place the Java Heap above 4GB virtual address.
# This output file may be truncated or incomplete.
#
#  Out of Memory Error (os_windows.cpp:3527), pid=15308, tid=15708
#
# JRE version:  (19.0.1+10) (build )
# Java VM: OpenJDK 64-Bit Server VM (19.0.1+10-21, mixed mode, sharing, tiered, compressed oops, compressed class ptrs, g1 gc, windows-amd64)
# No core dump will be written. Minidumps are not enabled by default on client versions of Windows
#

---------------  S U M M A R Y ------------

Command Line: -javaagent:C:\Program Files\JetBrains\IntelliJ IDEA Community Edition 2022.2.1\lib\idea_rt.jar=63529:C:\Program Files\JetBrains\IntelliJ IDEA Community Edition 2022.2.1\bin -Dfile.encoding=UTF-8 -Dsun.stdout.encoding=UTF-8 -Dsun.stderr.encoding=UTF-8 com.fges.todoapp.App insert -s

Host: 11th Gen Intel(R) Core(TM) i5-1135G7 @ 2.40GHz, 8 cores, 7G,  Windows 10 , 64 bit Build 19041 (10.0.19041.3636)
Time: Sun Jan 28 14:10:06 2024 Paris, Madrid elapsed time: 0.044519 seconds (0d 0h 0m 0s)

---------------  T H R E A D  ---------------

Current thread (0x0000019350654920):  JavaThread "Unknown thread" [_thread_in_vm, id=15708, stack(0x0000000967900000,0x0000000967a00000)]

Stack: [0x0000000967900000,0x0000000967a00000]
Native frames: (J=compiled Java code, j=interpreted, Vv=VM code, C=native code)
V  [jvm.dll+0x6ee8fa]
V  [jvm.dll+0x857a1e]
V  [jvm.dll+0x85940e]
V  [jvm.dll+0x859ac3]
V  [jvm.dll+0x28291f]
V  [jvm.dll+0x6eb6e9]
V  [jvm.dll+0x6e028a]
V  [jvm.dll+0x357136]
V  [jvm.dll+0x35eb96]
V  [jvm.dll+0x3b555e]
V  [jvm.dll+0x3b578f]
V  [jvm.dll+0x32c6ea]
V  [jvm.dll+0x32d59e]
V  [jvm.dll+0x821b20]
V  [jvm.dll+0x3c27c1]
V  [jvm.dll+0x8022f1]
V  [jvm.dll+0x44b30f]
V  [jvm.dll+0x44cc91]
C  [jli.dll+0x5287]
C  [ucrtbase.dll+0x21bb2]
C  [KERNEL32.DLL+0x17344]
C  [ntdll.dll+0x526b1]


---------------  P R O C E S S  ---------------

Threads class SMR info:
_java_thread_list=0x00007ffbe6cad048, length=0, elements={
}

Java Threads: ( => current thread )

Other Threads:
  0x00000193506b3580 WorkerThread "GC Thread#0" [stack: 0x0000000967a00000,0x0000000967b00000] [id=18852]
  0x00000193506c3e40 ConcurrentGCThread "G1 Main Marker" [stack: 0x0000000967b00000,0x0000000967c00000] [id=12196]
  0x00000193506c53e0 WorkerThread "G1 Conc#0" [stack: 0x0000000967c00000,0x0000000967d00000] [id=9864]

[error occurred during error reporting (printing all threads), id 0xc0000005, EXCEPTION_ACCESS_VIOLATION (0xc0000005) at pc=0x00007ffbe646d127]

VM state: not at safepoint (not fully initialized)

VM Mutex/Monitor currently owned by a thread:  ([mutex/lock_event])
[0x00000193506502f0] Heap_lock - owner thread: 0x0000019350654920

Heap address: 0x0000000084200000, size: 1982 MB, Compressed Oops mode: 32-bit

CDS archive(s) mapped at: [0x0000000000000000-0x0000000000000000-0x0000000000000000), size 0, SharedBaseAddress: 0x0000000800000000, ArchiveRelocationMode: 0.
Narrow klass base: 0x0000000000000000, Narrow klass shift: 0, Narrow klass range: 0x0

GC Precious Log:
 CardTable entry size: 512
 Card Set container configuration: InlinePtr #cards 5 size 8 Array Of Cards #cards 12 size 40 Howl #buckets 4 coarsen threshold 1843 Howl Bitmap #cards 512 size 80 coarsen threshold 460 Card regions per heap region 1 cards per card region 2048

Heap:
 garbage-first heap   total 0K, used 0K [0x0000000084200000, 0x0000000100000000)
  region size 1024K, 0 young (0K), 0 survivors (0K)

[error occurred during error reporting (printing heap information), id 0xc0000005, EXCEPTION_ACCESS_VIOLATION (0xc0000005) at pc=0x00007ffbe6876959]

GC Heap History (0 events):
No events

Dll operation events (1 events):
Event: 0.030 Loaded shared library C:\Users\user\.jdks\openjdk-19.0.1\bin\java.dll

Deoptimization events (0 events):
No events

Classes loaded (0 events):
No events

Classes unloaded (0 events):
No events

Classes redefined (0 events):
No events

Internal exceptions (0 events):
No events

VM Operations (0 events):
No events

Events (0 events):
No events


Dynamic libraries:
0x00007ff792ae0000 - 0x00007ff792aee000 	C:\Users\user\.jdks\openjdk-19.0.1\bin\java.exe
0x00007ffc50ad0000 - 0x00007ffc50cc8000 	C:\windows\SYSTEM32\ntdll.dll
0x00007ffc50110000 - 0x00007ffc501cd000 	C:\windows\System32\KERNEL32.DLL
0x00007ffc4e460000 - 0x00007ffc4e756000 	C:\windows\System32\KERNELBASE.dll
0x00007ffc4e760000 - 0x00007ffc4e860000 	C:\windows\System32\ucrtbase.dll
0x00007ffc3f4e0000 - 0x00007ffc3f4f7000 	C:\Users\user\.jdks\openjdk-19.0.1\bin\jli.dll
0x00007ffc3f520000 - 0x00007ffc3f53b000 	C:\Users\user\.jdks\openjdk-19.0.1\bin\VCRUNTIME140.dll
0x00007ffc4f450000 - 0x00007ffc4f5ee000 	C:\windows\System32\USER32.dll
0x00007ffc4e1b0000 - 0x00007ffc4e1d2000 	C:\windows\System32\win32u.dll
0x00007ffc50850000 - 0x00007ffc5087c000 	C:\windows\System32\GDI32.dll
0x00007ffc4e860000 - 0x00007ffc4e97a000 	C:\windows\System32\gdi32full.dll
0x00007ffc4e2c0000 - 0x00007ffc4e35d000 	C:\windows\System32\msvcp_win.dll
0x00007ffc36090000 - 0x00007ffc3632a000 	C:\windows\WinSxS\amd64_microsoft.windows.common-controls_6595b64144ccf1df_6.0.19041.3636_none_60b6a03d71f818d5\COMCTL32.dll
0x00007ffc4ff40000 - 0x00007ffc4ffde000 	C:\windows\System32\msvcrt.dll
0x00007ffc50a60000 - 0x00007ffc50a90000 	C:\windows\System32\IMM32.DLL
0x00007ffc36e70000 - 0x00007ffc37072000 	C:\windows\system32\tmumh\20019\AddOn\8.55.0.1288\TmUmEvt64.dll
0x00007ffc50050000 - 0x00007ffc50058000 	C:\windows\System32\PSAPI.DLL
0x00007ffc4f740000 - 0x00007ffc4f7ef000 	C:\windows\System32\ADVAPI32.dll
0x00007ffc4f5f0000 - 0x00007ffc4f68c000 	C:\windows\System32\sechost.dll
0x00007ffc503c0000 - 0x00007ffc504e6000 	C:\windows\System32\RPCRT4.dll
0x0000000073f80000 - 0x0000000074117000 	C:\windows\system32\tmumh\20019\TmMon\2.9.0.1084\tmmon64.dll
0x00007ffc40490000 - 0x00007ffc4049c000 	C:\Users\user\.jdks\openjdk-19.0.1\bin\vcruntime140_1.dll
0x00007ffc0f260000 - 0x00007ffc0f2ee000 	C:\Users\user\.jdks\openjdk-19.0.1\bin\msvcp140.dll
0x00007ffbe6130000 - 0x00007ffbe6df0000 	C:\Users\user\.jdks\openjdk-19.0.1\bin\server\jvm.dll
0x00007ffc2da30000 - 0x00007ffc2da39000 	C:\windows\SYSTEM32\WSOCK32.dll
0x00007ffc509f0000 - 0x00007ffc50a5b000 	C:\windows\System32\WS2_32.dll
0x00007ffc46500000 - 0x00007ffc46527000 	C:\windows\SYSTEM32\WINMM.dll
0x00007ffc3f540000 - 0x00007ffc3f54a000 	C:\windows\SYSTEM32\VERSION.dll
0x00007ffc4ca00000 - 0x00007ffc4ca12000 	C:\windows\SYSTEM32\kernel.appcore.dll
0x00007ffc403e0000 - 0x00007ffc403ea000 	C:\Users\user\.jdks\openjdk-19.0.1\bin\jimage.dll
0x00007ffc4c720000 - 0x00007ffc4c904000 	C:\windows\SYSTEM32\DBGHELP.DLL
0x00007ffc48760000 - 0x00007ffc48794000 	C:\windows\SYSTEM32\dbgcore.DLL
0x00007ffc4e360000 - 0x00007ffc4e3e2000 	C:\windows\System32\bcryptPrimitives.dll
0x00007ffc43e80000 - 0x00007ffc43e8e000 	C:\Users\user\.jdks\openjdk-19.0.1\bin\instrument.dll
0x00007ffc35d50000 - 0x00007ffc35d76000 	C:\Users\user\.jdks\openjdk-19.0.1\bin\java.dll

dbghelp: loaded successfully - version: 4.0.5 - missing functions: none
symbol engine: initialized successfully - sym options: 0x614 - pdb path: .;C:\Users\user\.jdks\openjdk-19.0.1\bin;C:\windows\SYSTEM32;C:\windows\WinSxS\amd64_microsoft.windows.common-controls_6595b64144ccf1df_6.0.19041.3636_none_60b6a03d71f818d5;C:\windows\system32\tmumh\20019\AddOn\8.55.0.1288;C:\windows\system32\tmumh\20019\TmMon\2.9.0.1084;C:\Users\user\.jdks\openjdk-19.0.1\bin\server

VM Arguments:
jvm_args: -javaagent:C:\Program Files\JetBrains\IntelliJ IDEA Community Edition 2022.2.1\lib\idea_rt.jar=63529:C:\Program Files\JetBrains\IntelliJ IDEA Community Edition 2022.2.1\bin -Dfile.encoding=UTF-8 -Dsun.stdout.encoding=UTF-8 -Dsun.stderr.encoding=UTF-8 
java_command: com.fges.todoapp.App insert -s
java_class_path (initial): C:\Users\user\Desktop\Design Patterns\javadogamericanbaba\target\classes;C:\Users\user\.m2\repository\commons-cli\commons-cli\1.6.0\commons-cli-1.6.0.jar;C:\Users\user\.m2\repository\com\fasterxml\jackson\core\jackson-databind\2.16.1\jackson-databind-2.16.1.jar;C:\Users\user\.m2\repository\com\fasterxml\jackson\core\jackson-annotations\2.16.1\jackson-annotations-2.16.1.jar;C:\Users\user\.m2\repository\com\fasterxml\jackson\core\jackson-core\2.16.1\jackson-core-2.16.1.jar
Launcher Type: SUN_STANDARD

[Global flags]
     intx CICompilerCount                          = 4                                         {product} {ergonomic}
     uint ConcGCThreads                            = 2                                         {product} {ergonomic}
     uint G1ConcRefinementThreads                  = 8                                         {product} {ergonomic}
   size_t G1HeapRegionSize                         = 1048576                                   {product} {ergonomic}
    uintx GCDrainStackTargetSize                   = 64                                        {product} {ergonomic}
   size_t InitialHeapSize                          = 130023424                                 {product} {ergonomic}
   size_t MarkStackSize                            = 4194304                                   {product} {ergonomic}
   size_t MaxHeapSize                              = 2078277632                                {product} {ergonomic}
   size_t MinHeapDeltaBytes                        = 1048576                                   {product} {ergonomic}
   size_t MinHeapSize                              = 8388608                                   {product} {ergonomic}
    uintx NonNMethodCodeHeapSize                   = 5839372                                {pd product} {ergonomic}
    uintx NonProfiledCodeHeapSize                  = 122909434                              {pd product} {ergonomic}
    uintx ProfiledCodeHeapSize                     = 122909434                              {pd product} {ergonomic}
    uintx ReservedCodeCacheSize                    = 251658240                              {pd product} {ergonomic}
     bool SegmentedCodeCache                       = true                                      {product} {ergonomic}
   size_t SoftMaxHeapSize                          = 2078277632                             {manageable} {ergonomic}
     bool UseCompressedClassPointers               = true                           {product lp64_product} {ergonomic}
     bool UseCompressedOops                        = true                           {product lp64_product} {ergonomic}
     bool UseG1GC                                  = true                                      {product} {ergonomic}
     bool UseLargePagesIndividualAllocation        = false                                  {pd product} {ergonomic}

Logging:
Log output configuration:
 #0: stdout all=warning uptime,level,tags foldmultilines=false
 #1: stderr all=off uptime,level,tags foldmultilines=false

Environment Variables:
JAVA_HOME=C:\Program Files\OpenJDK\jdk-21.0.1
PATH=C:\Program Files\Common Files\Oracle\Java\javapath;C:\Program Files (x86)\Common Files\Oracle\Java\javapath;C:\windows\system32;C:\windows;C:\windows\System32\Wbem;C:\windows\System32\WindowsPowerShell\v1.0\;C:\windows\System32\OpenSSH\;C:\Program Files (x86)\Windows Live\Shared;C:\Program Files\Git\cmd;C:\ProgramData\ComposerSetup\bin;C:\ProgramData\chocolatey\bin;C:\ProgramData\chocolatey\lib\maven\apache-maven-3.9.6\bin;C:\Program Files\OpenJDK\jdk-21.0.1\bin;C:\Users\user\scoop\shims;C:\Users\user\Desktop\pythonthonny\Scripts;C:\Users\user\Desktop\pythonthonny;C:\Users\user\AppData\Local\Microsoft\WindowsApps;C:\Users\user\AppData\Local\Programs\Microsoft VS Code\bin;C:\laragon\bin\php\php-8.2.1-Win32-vs16-x64;C:\Users\user\AppData\Roaming\Composer\vendor\bin;C:\Users\user\AppData\Local\Programs\oh-my-posh\bin;C:\Program Files\Graphviz\bin;;C:\ghcup\bin
USERNAME=user
OS=Windows_NT
PROCESSOR_IDENTIFIER=Intel64 Family 6 Model 140 Stepping 1, GenuineIntel
TMP=C:\Users\user\AppData\Local\Temp
TEMP=C:\Users\user\AppData\Local\Temp



---------------  S Y S T E M  ---------------

OS:
 Windows 10 , 64 bit Build 19041 (10.0.19041.3636)
OS uptime: 5 days 5:09 hours

CPU: total 8 (initial active 8) (4 cores per cpu, 2 threads per core) family 6 model 140 stepping 1 microcode 0xb4, cx8, cmov, fxsr, ht, mmx, 3dnowpref, sse, sse2, sse3, ssse3, sse4.1, sse4.2, popcnt, lzcnt, tsc, tscinvbit, avx, avx2, aes, erms, clmul, bmi1, bmi2, adx, avx512f, avx512dq, avx512cd, avx512bw, avx512vl, sha, fma, vzeroupper, avx512_vpopcntdq, avx512_vpclmulqdq, avx512_vaes, avx512_vnni, clflush, clflushopt, clwb, avx512_vbmi2, avx512_vbmi, rdtscp, rdpid, fsrm, gfni, avx512_bitalg

Memory: 4k page, system-wide physical 7926M (1402M free)
TotalPageFile size 11507M (AvailPageFile size 106M)
current process WorkingSet (physical memory assigned to process): 13M, peak: 13M
current process commit charge ("private bytes"): 62M, peak: 186M

vm_info: OpenJDK 64-Bit Server VM (19.0.1+10-21) for windows-amd64 JRE (19.0.1+10-21), built on 2022-09-14T12:45:06Z by "mach5one" with MS VC++ 17.1 (VS2022)

END.
